<?xml version="1.0" encoding="UTF-8"?>
<testsuite xmlns:xsi="http://www.w3.org/2001/XMLSchema-instance" xsi:noNamespaceSchemaLocation="https://maven.apache.org/surefire/maven-surefire-plugin/xsd/surefire-test-report-3.0.xsd" version="3.0" name="com.scivicslab.actoriac.log.H2LogStoreTest" time="1.949" tests="11" errors="0" skipped="0" failures="0">
  <properties>
[...]
</properties>
  <testcase name="testStartSession" classname="com.scivicslab.actoriac.log.H2LogStoreTest" time="0.123"/>
  <testcase name="testSessionSummary" classname="com.scivicslab.actoriac.log.H2LogStoreTest" time="0.218"/>
  <testcase name="testStartSessionWithOverlayAndInventory" classname="com.scivicslab.actoriac.log.H2LogStoreTest" time="0.006"/>
  <testcase name="testStartSessionWithNullOverlayAndInventory" classname="com.scivicslab.actoriac.log.H2LogStoreTest" time="0.006"/>
  <testcase name="testConcurrentLogging" classname="com.scivicslab.actoriac.log.H2LogStoreTest" time="0.545"/>
  <testcase name="testListSessions" classname="com.scivicslab.actoriac.log.H2LogStoreTest" time="0.007"/>
  <testcase name="testGetLogsByLevel" classname="com.scivicslab.actoriac.log.H2LogStoreTest" time="0.206"/>
  <testcase name="testSessionSummaryToStringWithOverlayAndInventory" classname="com.scivicslab.actoriac.log.H2LogStoreTest" time="0.207"/>
  <testcase name="testLogAndRetrieveByNode" classname="com.scivicslab.actoriac.log.H2LogStoreTest" time="0.204"/>
  <testcase name="testNodeResults" classname="com.scivicslab.actoriac.log.H2LogStoreTest" time="0.206"/>
  <testcase name="testLogAction" classname="com.scivicslab.actoriac.log.H2LogStoreTest" time="0.205"/>
</testsuite>